# JRE version: Java(TM) SE Runtime Environment (8.0_181-b13) (build 1.8.0_181-b13)
# Java VM: Java HotSpot(TM) 64-Bit Server VM (25.181-b13 mixed mode windows-amd64 compressed oops)
Heap:
 PSYoungGen      total 183808K, used 74991K [0x00000000d7180000, 0x00000000e5880000, 0x0000000100000000)
  eden space 169472K, 44% used [0x00000000d7180000,0x00000000dbabbfb0,0x00000000e1700000)
  from space 14336K, 0% used [0x00000000e2780000,0x00000000e2780000,0x00000000e3580000)
  to   space 16896K, 0% used [0x00000000e1700000,0x00000000e1700000,0x00000000e2780000)
 ParOldGen       total 87552K, used 18955K [0x0000000085400000, 0x000000008a980000, 0x00000000d7180000)
  object space 87552K, 21% used [0x0000000085400000,0x0000000086682fd8,0x000000008a980000)
 Metaspace       used 44698K, capacity 46318K, committed 46592K, reserved 1089536K
  class space    used 5968K, capacity 6289K, committed 6400K, reserved 1048576K
GC Heap History (10 events):
Event: 2.331 GC heap before
{Heap before GC invocations=6 (full 1):
 PSYoungGen      total 68608K, used 5094K [0x00000000d7180000, 0x00000000e0180000, 0x0000000100000000)
  eden space 63488K, 0% used [0x00000000d7180000,0x00000000d7180000,0x00000000daf80000)
  from space 5120K, 99% used [0x00000000daf80000,0x00000000db479930,0x00000000db480000)
  to   space 10240K, 0% used [0x00000000df780000,0x00000000df780000,0x00000000e0180000)
 ParOldGen       total 84992K, used 5844K [0x0000000085400000, 0x000000008a700000, 0x00000000d7180000)
  object space 84992K, 6% used [0x0000000085400000,0x00000000859b50d0,0x000000008a700000)
 Metaspace       used 20643K, capacity 21210K, committed 21296K, reserved 1067008K
  class space    used 2710K, capacity 2868K, committed 2944K, reserved 1048576K
Event: 2.361 GC heap after
Heap after GC invocations=6 (full 1):
 PSYoungGen      total 68608K, used 0K [0x00000000d7180000, 0x00000000e0180000, 0x0000000100000000)
  eden space 63488K, 0% used [0x00000000d7180000,0x00000000d7180000,0x00000000daf80000)
  from space 5120K, 0% used [0x00000000daf80000,0x00000000daf80000,0x00000000db480000)
  to   space 10240K, 0% used [0x00000000df780000,0x00000000df780000,0x00000000e0180000)
 ParOldGen       total 56320K, used 8658K [0x0000000085400000, 0x0000000088b00000, 0x00000000d7180000)
  object space 56320K, 15% used [0x0000000085400000,0x0000000085c74b00,0x0000000088b00000)
 Metaspace       used 20642K, capacity 21204K, committed 21296K, reserved 1067008K
  class space    used 2710K, capacity 2867K, committed 2944K, reserved 1048576K
}
Event: 2.798 GC heap before
{Heap before GC invocations=7 (full 1):
 PSYoungGen      total 68608K, used 63431K [0x00000000d7180000, 0x00000000e0180000, 0x0000000100000000)
  eden space 63488K, 99% used [0x00000000d7180000,0x00000000daf71c18,0x00000000daf80000)
  from space 5120K, 0% used [0x00000000daf80000,0x00000000daf80000,0x00000000db480000)
  to   space 10240K, 0% used [0x00000000df780000,0x00000000df780000,0x00000000e0180000)
 ParOldGen       total 56320K, used 8658K [0x0000000085400000, 0x0000000088b00000, 0x00000000d7180000)
  object space 56320K, 15% used [0x0000000085400000,0x0000000085c74b00,0x0000000088b00000)
 Metaspace       used 23544K, capacity 24344K, committed 24576K, reserved 1071104K
  class space    used 3067K, capacity 3238K, committed 3328K, reserved 1048576K
Event: 2.817 GC heap after
Heap after GC invocations=7 (full 1):
 PSYoungGen      total 110080K, used 3811K [0x00000000d7180000, 0x00000000dfb80000, 0x0000000100000000)
  eden space 105984K, 0% used [0x00000000d7180000,0x00000000d7180000,0x00000000dd900000)
  from space 4096K, 93% used [0x00000000df780000,0x00000000dfb38c38,0x00000000dfb80000)
  to   space 9728K, 0% used [0x00000000de880000,0x00000000de880000,0x00000000df200000)
 ParOldGen       total 56320K, used 8730K [0x0000000085400000, 0x0000000088b00000, 0x00000000d7180000)
  object space 56320K, 15% used [0x0000000085400000,0x0000000085c86b10,0x0000000088b00000)
 Metaspace       used 23544K, capacity 24344K, committed 24576K, reserved 1071104K
  class space    used 3067K, capacity 3238K, committed 3328K, reserved 1048576K
}
Event: 4.609 GC heap before
{Heap before GC invocations=8 (full 1):
 PSYoungGen      total 110080K, used 109795K [0x00000000d7180000, 0x00000000dfb80000, 0x0000000100000000)
  eden space 105984K, 100% used [0x00000000d7180000,0x00000000dd900000,0x00000000dd900000)
  from space 4096K, 93% used [0x00000000df780000,0x00000000dfb38c38,0x00000000dfb80000)
  to   space 9728K, 0% used [0x00000000de880000,0x00000000de880000,0x00000000df200000)
 ParOldGen       total 56320K, used 8730K [0x0000000085400000, 0x0000000088b00000, 0x00000000d7180000)
  object space 56320K, 15% used [0x0000000085400000,0x0000000085c86b10,0x0000000088b00000)
 Metaspace       used 31146K, capacity 32630K, committed 32896K, reserved 1077248K
  class space    used 4104K, capacity 4403K, committed 4480K, reserved 1048576K
Event: 4.623 GC heap after
Heap after GC invocations=8 (full 1):
 PSYoungGen      total 131584K, used 9726K [0x00000000d7180000, 0x00000000e3580000, 0x0000000100000000)
  eden space 121856K, 0% used [0x00000000d7180000,0x00000000d7180000,0x00000000de880000)
  from space 9728K, 99% used [0x00000000de880000,0x00000000df1ffa68,0x00000000df200000)
  to   space 14336K, 0% used [0x00000000e2780000,0x00000000e2780000,0x00000000e3580000)
 ParOldGen       total 56320K, used 14793K [0x0000000085400000, 0x0000000088b00000, 0x00000000d7180000)
  object space 56320K, 26% used [0x0000000085400000,0x0000000086272578,0x0000000088b00000)
 Metaspace       used 31146K, capacity 32630K, committed 32896K, reserved 1077248K
  class space    used 4104K, capacity 4403K, committed 4480K, reserved 1048576K
}
Event: 5.404 GC heap before
{Heap before GC invocations=9 (full 1):
 PSYoungGen      total 131584K, used 118138K [0x00000000d7180000, 0x00000000e3580000, 0x0000000100000000)
  eden space 121856K, 88% used [0x00000000d7180000,0x00000000ddb5f0a0,0x00000000de880000)
  from space 9728K, 99% used [0x00000000de880000,0x00000000df1ffa68,0x00000000df200000)
  to   space 14336K, 0% used [0x00000000e2780000,0x00000000e2780000,0x00000000e3580000)
 ParOldGen       total 56320K, used 14793K [0x0000000085400000, 0x0000000088b00000, 0x00000000d7180000)
  object space 56320K, 26% used [0x0000000085400000,0x0000000086272578,0x0000000088b00000)
 Metaspace       used 33984K, capacity 35440K, committed 35456K, reserved 1079296K
  class space    used 4425K, capacity 4724K, committed 4736K, reserved 1048576K
Event: 5.435 GC heap after
Heap after GC invocations=9 (full 1):
 PSYoungGen      total 183808K, used 13896K [0x00000000d7180000, 0x00000000e5880000, 0x0000000100000000)
  eden space 169472K, 0% used [0x00000000d7180000,0x00000000d7180000,0x00000000e1700000)
  from space 14336K, 96% used [0x00000000e2780000,0x00000000e3512300,0x00000000e3580000)
  to   space 16896K, 0% used [0x00000000e1700000,0x00000000e1700000,0x00000000e2780000)
 ParOldGen       total 56320K, used 14801K [0x0000000085400000, 0x0000000088b00000, 0x00000000d7180000)
  object space 56320K, 26% used [0x0000000085400000,0x0000000086274578,0x0000000088b00000)
 Metaspace       used 33984K, capacity 35440K, committed 35456K, reserved 1079296K
  class space    used 4425K, capacity 4724K, committed 4736K, reserved 1048576K
}
Event: 5.435 GC heap before
{Heap before GC invocations=10 (full 2):
 PSYoungGen      total 183808K, used 13896K [0x00000000d7180000, 0x00000000e5880000, 0x0000000100000000)
  eden space 169472K, 0% used [0x00000000d7180000,0x00000000d7180000,0x00000000e1700000)
  from space 14336K, 96% used [0x00000000e2780000,0x00000000e3512300,0x00000000e3580000)
  to   space 16896K, 0% used [0x00000000e1700000,0x00000000e1700000,0x00000000e2780000)
 ParOldGen       total 56320K, used 14801K [0x0000000085400000, 0x0000000088b00000, 0x00000000d7180000)
  object space 56320K, 26% used [0x0000000085400000,0x0000000086274578,0x0000000088b00000)
 Metaspace       used 33984K, capacity 35440K, committed 35456K, reserved 1079296K
  class space    used 4425K, capacity 4724K, committed 4736K, reserved 1048576K
Event: 5.515 GC heap after
Heap after GC invocations=10 (full 2):
 PSYoungGen      total 183808K, used 0K [0x00000000d7180000, 0x00000000e5880000, 0x0000000100000000)
  eden space 169472K, 0% used [0x00000000d7180000,0x00000000d7180000,0x00000000e1700000)
  from space 14336K, 0% used [0x00000000e2780000,0x00000000e2780000,0x00000000e3580000)
  to   space 16896K, 0% used [0x00000000e1700000,0x00000000e1700000,0x00000000e2780000)
 ParOldGen       total 87552K, used 18955K [0x0000000085400000, 0x000000008a980000, 0x00000000d7180000)
  object space 87552K, 21% used [0x0000000085400000,0x0000000086682fd8,0x000000008a980000)
 Metaspace       used 33984K, capacity 35440K, committed 35456K, reserved 1079296K
  class space    used 4425K, capacity 4724K, committed 4736K, reserved 1048576K
}

